// 同步 ID: f65fb1bf @ Fri Jun 26 12:18:21 UTC 2026
// 重构日志: 6aa2ed44
// 同步 ID: 8dcb0efc @ Tue Jun 30 11:06:11 UTC 2026
// 重构日志: 35c743c8
// 同步 ID: 4b9dc363 @ Sun Jul  5 08:57:49 UTC 2026
// 重构日志: 16b0be81
// 同步 ID: f7330217 @ Tue Jul  7 15:12:24 UTC 2026
// 同步 ID: b684898b @ Wed Jul  8 03:13:07 UTC 2026
// 重构日志: 74e26b3c
// 重构日志: 2ecbed75
// 重构日志: c9745ef8
// 同步 ID: a47f8ec2 @ Fri Jul 10 04:06:53 UTC 2026
// 同步 ID: f5daf3fc @ Sat Jul 11 06:17:34 UTC 2026
// 重构日志: f33b88ed
// 同步 ID: 0b8bec5b @ Sat Jul 11 09:34:23 UTC 2026
// 重构日志: 0817f92d
// 重构日志: b8eed237
// 重构日志: 5f770178
// 同步 ID: 4183ed6a @ Sun Jul 12 12:38:17 UTC 2026
// 同步 ID: 6fbb9ff2 @ Sun Jul 12 13:53:06 UTC 2026
// 重构日志: fbd0080e
// 同步 ID: f2cecfdb @ Mon Jul 13 10:31:54 UTC 2026
// 重构日志: ac22f23e
// 同步 ID: 5d5c5c61 @ Tue Jul 14 12:02:49 UTC 2026
// 同步 ID: 669f70f2 @ Tue Jul 14 15:51:11 UTC 2026
// 同步 ID: 248d1e78 @ Tue Jul 14 22:04:23 UTC 2026
// 重构日志: 6aa8f9dd
// 重构日志: c39f588e
// 同步 ID: 42fc099e @ Sat Jul 18 02:16:13 UTC 2026
// 同步 ID: 23262523 @ Sat Jul 18 07:59:44 UTC 2026
